[debug] [2024-08-29T11:33:38.755Z] ----------------------------------------------------------------------
[debug] [2024-08-29T11:33:38.757Z] Command:       C:\Program Files\nodejs\node.exe C:\Users\dani4\AppData\Roaming\npm\node_modules\firebase-tools\lib\bin\firebase.js init
[debug] [2024-08-29T11:33:38.758Z] CLI Version:   13.16.0
[debug] [2024-08-29T11:33:38.758Z] Platform:      win32
[debug] [2024-08-29T11:33:38.758Z] Node Version:  v20.17.0
[debug] [2024-08-29T11:33:38.758Z] Time:          Thu Aug 29 2024 14:33:38 GMT+0300 (Israel Daylight Time)
[debug] [2024-08-29T11:33:38.758Z] ----------------------------------------------------------------------
[debug] 
[debug] [2024-08-29T11:33:38.762Z] >>> [apiv2][query] GET https://firebase-public.firebaseio.com/cli.json [none]
[debug] [2024-08-29T11:33:38.824Z] > command requires scopes: ["email","openid","https://www.googleapis.com/auth/cloudplatformprojects.readonly","https://www.googleapis.com/auth/firebase","https://www.googleapis.com/auth/cloud-platform"]
[debug] [2024-08-29T11:33:38.824Z] > authorizing via signed-in user (dani451451@gmail.com)
[info] 
     ######## #### ########  ######## ########     ###     ######  ########
     ##        ##  ##     ## ##       ##     ##  ##   ##  ##       ##
     ######    ##  ########  ######   ########  #########  ######  ######
     ##        ##  ##    ##  ##       ##     ## ##     ##       ## ##
     ##       #### ##     ## ######## ########  ##     ##  ######  ########

You're about to initialize a Firebase project in this directory:

  C:\Users\dani4\Downloads\frontend-final-project1

[debug] [2024-08-29T11:33:39.217Z] <<< [apiv2][status] GET https://firebase-public.firebaseio.com/cli.json 200
[debug] [2024-08-29T11:33:39.217Z] <<< [apiv2][body] GET https://firebase-public.firebaseio.com/cli.json {"cloudBuildErrorAfter":1594252800000,"cloudBuildWarnAfter":1590019200000,"defaultNode10After":1594252800000,"minVersion":"3.0.5","node8DeploysDisabledAfter":1613390400000,"node8RuntimeDisabledAfter":1615809600000,"node8WarnAfter":1600128000000}
